<?xml version="1.0" encoding="UTF-8"?>
<testsuite name="AppTest" tests="1" skipped="0" failures="0" errors="0" timestamp="2025-05-13T13:37:58" hostname="vasundara-VirtualBox" time="0.028">
  <properties/>
  <testcase name="testAppHasAGreeting" classname="AppTest" time="0.028"/>
  <system-out><![CDATA[]]></system-out>
  <system-err><![CDATA[]]></system-err>
</testsuite>
